<?xml version="1.0" encoding="UTF-8"?>
<testng-results ignored="0" total="1" passed="1" failed="0" skipped="0">
  <reporter-output>
  </reporter-output>
  <suite started-at="2025-04-01T12:03:37 IST" name="Suite" finished-at="2025-04-01T12:03:43 IST" duration-ms="5933">
    <groups>
    </groups>
    <test started-at="2025-04-01T12:03:37 IST" name="test2" finished-at="2025-04-01T12:03:43 IST" duration-ms="5933">
      <class name="testcases.testclass">
        <test-method is-config="true" signature="loadConfig()[pri:0, instance:testcases.testclass@5bda8e08]" started-at="2025-04-01T12:03:37 IST" name="loadConfig" finished-at="2025-04-01T12:03:37 IST" duration-ms="11" status="PASS">
          <reporter-output>
          </reporter-output>
        </test-method> <!-- loadConfig -->
        <test-method is-config="true" signature="Launch()[pri:0, instance:testcases.testclass@5bda8e08]" started-at="2025-04-01T12:03:37 IST" name="Launch" finished-at="2025-04-01T12:03:41 IST" duration-ms="3756" status="PASS">
          <reporter-output>
          </reporter-output>
        </test-method> <!-- Launch -->
        <test-method signature="search()[pri:0, instance:testcases.testclass@5bda8e08]" started-at="2025-04-01T12:03:41 IST" name="search" finished-at="2025-04-01T12:03:43 IST" duration-ms="2151" status="PASS">
          <reporter-output>
          </reporter-output>
        </test-method> <!-- search -->
        <test-method is-config="true" signature="afterSuite()[pri:0, instance:testcases.testclass@5bda8e08]" started-at="2025-04-01T12:03:43 IST" name="afterSuite" finished-at="2025-04-01T12:03:43 IST" duration-ms="188" status="PASS">
          <reporter-output>
          </reporter-output>
        </test-method> <!-- afterSuite -->
      </class> <!-- testcases.testclass -->
    </test> <!-- test2 -->
  </suite> <!-- Suite -->
</testng-results>
